
2018-02-27 15:49:33.624000: Logging in
2018-02-27 15:49:36.119000: System status: normal
2018-02-27 15:49:38.416000: Portfolio Value: .6f 2.89346540029
2018-02-27 15:49:59.467000: Portfolio Value: .6f 2.89505653689
2018-02-27 15:50:02.675000: Portfolio Value: .6f 0.23870705527
2018-02-27 15:50:45.708000: Logging in
2018-02-27 15:50:47.903000: System status: normal
2018-02-27 15:50:50.272000: Portfolio Value: 2.895166 ETH
2018-02-27 15:51:45.573000: Logging in
2018-02-27 15:51:48.017000: System status: normal
2018-02-27 15:51:50.222000: Portfolio Value: 2.896910 ETH
2018-02-27 15:52:53: Logging in
2018-02-27 15:52:55: System status: normal
2018-02-27 15:52:57: Portfolio Value: 2.898834 ETH
2018-02-27 15:53:55: Logging in
2018-02-27 15:53:58: System status: normal
2018-02-27 15:54:00: Portfolio Value: 2.900011 ETH
2018-02-27 15:56:25: Logging in
2018-02-27 15:56:30: System status: normal
2018-02-27 15:56:32: Portfolio Value: 2.901239 ETH